<?xml version="1.0" encoding="UTF-8"?>
<!-- Generated by org.testng.reporters.JUnitXMLReporter -->
<testsuite hostname="USBLRSIAGRAWAL8" name="Test" tests="1" failures="1" timestamp="10 Feb 2017 14:51:54 GMT" time="113.573" errors="0">
  <testcase name="driverScript" time="83.669" classname="Testscript.driver_script">
    <failure type="Testscript.ElementNotFoundException" message="Record Not Created">
      <![CDATA[Testscript.ElementNotFoundException: Record Not Created
	at Testscript.driver_script.driverScript(driver_script.java:177)
... Removed 24 stack frames]]>
    </failure>
  </testcase> <!-- driverScript -->
</testsuite> <!-- Test -->
